<?xml version="1.0" encoding="UTF-8"?>
<testsuite name="com.HelloWorldCRUD.example.controller.UserControllerTest" tests="1" skipped="0" failures="0" errors="0" timestamp="2022-05-26T03:15:32" hostname="biplob-aes" time="0.286">
  <properties/>
  <testcase name="getUserByEmail_Test()" classname="com.HelloWorldCRUD.example.controller.UserControllerTest" time="0.286"/>
  <system-out><![CDATA[]]></system-out>
  <system-err><![CDATA[]]></system-err>
</testsuite>
