<?xml version="1.0" encoding="UTF-8"?>
<testsuite name="com.HelloWorldCRUD.example.controller.UserControllerTest" tests="1" skipped="0" failures="0" errors="0" timestamp="2022-05-25T11:39:48" hostname="biplob-aes" time="0.349">
  <properties/>
  <testcase name="getUserById_Test()" classname="com.HelloWorldCRUD.example.controller.UserControllerTest" time="0.349"/>
  <system-out><![CDATA[]]></system-out>
  <system-err><![CDATA[]]></system-err>
</testsuite>
